{"C:\\Users\\Motta\\Documents\\GitHub\\testeSistemas-Calculadora\\src\\utils\\isDot.ts": {"path":"C:\\Users\\Motta\\Documents\\GitHub\\testeSistemas-Calculadora\\src\\utils\\isDot.ts","statementMap":{"0":{"start":{"line":2,"column":2},"end":{"line":2,"column":21}},"1":{"start":{"line":1,"column":0},"end":{"line":1,"column":16}},"2":{"start":{"line":5,"column":0},"end":{"line":5,"column":23}}},"fnMap":{"0":{"name":"isDot","decl":{"start":{"line":1,"column":16},"end":{"line":1,"column":21}},"loc":{"start":{"line":1,"column":33},"end":{"line":3,"column":1}}}},"branchMap":{},"s":{"0":4,"1":1,"2":1},"f":{"0":4},"b":{}}
}
